<?xml version="1.0" encoding="UTF-8"?>
<testng-results ignored="0" total="2" passed="2" failed="0" skipped="0">
  <reporter-output>
  </reporter-output>
  <suite started-at="2023-09-06T00:35:15 GMT-07:00" name="OpenCart_Suite" finished-at="2023-09-06T00:36:49 GMT-07:00" duration-ms="93521">
    <groups>
      <group name="Master">
        <method signature="AccountRegistrationTest.Test_accountRegistration()[pri:0, instance:testCases.AccountRegistrationTest@7188af83]" name="Test_accountRegistration" class="testCases.AccountRegistrationTest"/>
        <method signature="LoginTest.LoginValidation()[pri:0, instance:testCases.LoginTest@17fc391b]" name="LoginValidation" class="testCases.LoginTest"/>
      </group> <!-- Master -->
      <group name="Sanity">
        <method signature="LoginTest.LoginValidation()[pri:0, instance:testCases.LoginTest@17fc391b]" name="LoginValidation" class="testCases.LoginTest"/>
      </group> <!-- Sanity -->
      <group name="Regression">
        <method signature="AccountRegistrationTest.Test_accountRegistration()[pri:0, instance:testCases.AccountRegistrationTest@7188af83]" name="Test_accountRegistration" class="testCases.AccountRegistrationTest"/>
      </group> <!-- Regression -->
    </groups>
    <test started-at="2023-09-06T00:35:15 GMT-07:00" name="MasterTestNG" finished-at="2023-09-06T00:36:49 GMT-07:00" duration-ms="93521">
      <class name="testCases.LoginTest">
        <test-method is-config="true" signature="setUp(java.lang.String)[pri:0, instance:testCases.LoginTest@17fc391b]" started-at="2023-09-06T00:36:18 GMT-07:00" name="setUp" finished-at="2023-09-06T00:36:36 GMT-07:00" duration-ms="17859" status="PASS">
          <params>
            <param index="0">
              <value>
                <![CDATA[edge]]>
              </value>
            </param>
          </params>
          <reporter-output>
          </reporter-output>
        </test-method> <!-- setUp -->
        <test-method signature="LoginValidation()[pri:0, instance:testCases.LoginTest@17fc391b]" started-at="2023-09-06T00:36:36 GMT-07:00" name="LoginValidation" finished-at="2023-09-06T00:36:47 GMT-07:00" duration-ms="11227" status="PASS">
          <reporter-output>
          </reporter-output>
        </test-method> <!-- LoginValidation -->
        <test-method is-config="true" signature="tearDown()[pri:0, instance:testCases.LoginTest@17fc391b]" started-at="2023-09-06T00:36:47 GMT-07:00" name="tearDown" finished-at="2023-09-06T00:36:49 GMT-07:00" duration-ms="1583" status="PASS">
          <reporter-output>
          </reporter-output>
        </test-method> <!-- tearDown -->
      </class> <!-- testCases.LoginTest -->
      <class name="testCases.AccountRegistrationTest">
        <test-method is-config="true" signature="setUp(java.lang.String)[pri:0, instance:testCases.AccountRegistrationTest@7188af83]" started-at="2023-09-06T00:35:16 GMT-07:00" name="setUp" finished-at="2023-09-06T00:36:11 GMT-07:00" duration-ms="55083" status="PASS">
          <params>
            <param index="0">
              <value>
                <![CDATA[edge]]>
              </value>
            </param>
          </params>
          <reporter-output>
          </reporter-output>
        </test-method> <!-- setUp -->
        <test-method signature="Test_accountRegistration()[pri:0, instance:testCases.AccountRegistrationTest@7188af83]" started-at="2023-09-06T00:36:11 GMT-07:00" name="Test_accountRegistration" finished-at="2023-09-06T00:36:17 GMT-07:00" duration-ms="5774" status="PASS">
          <reporter-output>
          </reporter-output>
        </test-method> <!-- Test_accountRegistration -->
        <test-method is-config="true" signature="tearDown()[pri:0, instance:testCases.AccountRegistrationTest@7188af83]" started-at="2023-09-06T00:36:17 GMT-07:00" name="tearDown" finished-at="2023-09-06T00:36:18 GMT-07:00" duration-ms="1058" status="PASS">
          <reporter-output>
          </reporter-output>
        </test-method> <!-- tearDown -->
      </class> <!-- testCases.AccountRegistrationTest -->
    </test> <!-- MasterTestNG -->
  </suite> <!-- OpenCart_Suite -->
</testng-results>
